####
 Model name: bigscience/bloomz-560m	 Pattern: Question: What does the person not mean by the proverb?
Proverb:'{proverb}'
Context: {conversation}
Choices: {answers}
Answer:	correct: 171, incorrect: 163, total: 334	correct %: 0.5119760479041916
####
 Model name: bigscience/bloomz-560m	 Group1: [98, 94], 0.5104166666666666	Group2: [73, 69], 0.5140845070422535	Mem frac: 0.4251497005988024####
 Model name: bigscience/bloomz-560m	Language: zh	Average acc %: 0.5119760479041916	Max acc %: 0.5119760479041916
####
####
 Model name: bigscience/bloomz-560m	 Pattern: Question: What does the person not mean by the proverb?
Proverb:'{proverb}'
Context: {conversation}
Choices: {answers}
Answer:	correct: 171, incorrect: 163, total: 334	correct %: 0.5119760479041916
####
 Model name: bigscience/bloomz-560m	 Group1: [98, 94], 0.5104166666666666	Group2: [73, 69], 0.5140845070422535	Mem frac: 0.4251497005988024####
 Model name: bigscience/bloomz-560m	Language: zh	Average acc %: 0.5119760479041916	Max acc %: 0.5119760479041916
####
